[ 2013-03-20T22:23:39+08:00 ] 0.0.0.0 /doufangbian/index.php/merchant/merchant_details/merchantid/1
INFO: [ route_check ] --START--
INFO: Run CheckRoute Behavior [ RunTime:0.001780s ]
INFO: [ route_check ] --END-- [ RunTime:0.001883s ]
INFO: [ app_begin ] --START--
INFO: Run ReadHtmlCache Behavior [ RunTime:0.001345s ]
INFO: [ app_begin ] --END-- [ RunTime:0.001428s ]
SQL: SHOW COLUMNS FROM `dfb_merchant_comment` [ RunTime:0.002247s ]
SQL: SELECT * FROM `dfb_merchant_comment` WHERE ( `merchant_id` = 6 ) ORDER BY time desc  [ RunTime:0.000298s ]
SQL: SHOW COLUMNS FROM `dfb_merchant` [ RunTime:0.001788s ]
SQL: SELECT * FROM `dfb_merchant` WHERE ( `id` = 1 ) LIMIT 1   [ RunTime:0.000225s ]
INFO: [ view_template ] --START--
INFO: Run LocationTemplate Behavior [ RunTime:0.000881s ]
INFO: [ view_template ] --END-- [ RunTime:0.000921s ]
INFO: [ view_parse ] --START--
INFO: Run ParseTemplate Behavior [ RunTime:0.008667s ]
INFO: [ view_parse ] --END-- [ RunTime:0.008712s ]
INFO: [ view_filter ] --START--
INFO: Run ContentReplace Behavior [ RunTime:0.000595s ]
INFO: Run TokenBuild Behavior [ RunTime:0.000575s ]
INFO: Run WriteHtmlCache Behavior [ RunTime:0.000503s ]
INFO: Run ShowRuntime Behavior [ RunTime:0.000627s ]
INFO: [ view_filter ] --END-- [ RunTime:0.002408s ]
INFO: [ view_end ] --START--
INFO: Run ShowPageTrace Behavior [ RunTime:0.000714s ]
INFO: [ view_end ] --END-- [ RunTime:0.000749s ]

[ 2013-03-20T22:33:24+08:00 ] 0.0.0.0 /doufangbian/index.php/merchant/add_merchant
INFO: [ route_check ] --START--
INFO: Run CheckRoute Behavior [ RunTime:0.001105s ]
INFO: [ route_check ] --END-- [ RunTime:0.001173s ]
INFO: [ app_begin ] --START--
INFO: Run ReadHtmlCache Behavior [ RunTime:0.000822s ]
INFO: [ app_begin ] --END-- [ RunTime:0.000874s ]
SQL: SHOW COLUMNS FROM `dfb_merchant_group` [ RunTime:0.002142s ]
SQL: SELECT * FROM `dfb_merchant_group`  [ RunTime:0.000264s ]
INFO: [ view_template ] --START--
INFO: Run LocationTemplate Behavior [ RunTime:0.001047s ]
INFO: [ view_template ] --END-- [ RunTime:0.001097s ]
INFO: [ view_parse ] --START--
INFO: Run ParseTemplate Behavior [ RunTime:0.009044s ]
INFO: [ view_parse ] --END-- [ RunTime:0.009097s ]
INFO: [ view_filter ] --START--
INFO: Run ContentReplace Behavior [ RunTime:0.000600s ]
INFO: Run TokenBuild Behavior [ RunTime:0.000577s ]
INFO: Run WriteHtmlCache Behavior [ RunTime:0.000487s ]
INFO: Run ShowRuntime Behavior [ RunTime:0.000646s ]
INFO: [ view_filter ] --END-- [ RunTime:0.002439s ]
INFO: [ view_end ] --START--
INFO: Run ShowPageTrace Behavior [ RunTime:0.000753s ]
INFO: [ view_end ] --END-- [ RunTime:0.000798s ]

[ 2013-03-20T22:33:25+08:00 ] 0.0.0.0 /doufangbian/index.php/merchant/group_manage
INFO: [ route_check ] --START--
INFO: Run CheckRoute Behavior [ RunTime:0.001454s ]
INFO: [ route_check ] --END-- [ RunTime:0.001552s ]
INFO: [ app_begin ] --START--
INFO: Run ReadHtmlCache Behavior [ RunTime:0.001213s ]
INFO: [ app_begin ] --END-- [ RunTime:0.001298s ]
SQL: SHOW COLUMNS FROM `dfb_merchant_group` [ RunTime:0.014688s ]
SQL: SELECT * FROM `dfb_merchant_group`  [ RunTime:0.000213s ]
INFO: [ view_template ] --START--
INFO: Run LocationTemplate Behavior [ RunTime:0.000736s ]
INFO: [ view_template ] --END-- [ RunTime:0.000773s ]
INFO: [ view_parse ] --START--
INFO: Run ParseTemplate Behavior [ RunTime:0.010108s ]
INFO: [ view_parse ] --END-- [ RunTime:0.010165s ]
INFO: [ view_filter ] --START--
INFO: Run ContentReplace Behavior [ RunTime:0.000799s ]
INFO: Run TokenBuild Behavior [ RunTime:0.000757s ]
INFO: Run WriteHtmlCache Behavior [ RunTime:0.000635s ]
INFO: Run ShowRuntime Behavior [ RunTime:0.000842s ]
INFO: [ view_filter ] --END-- [ RunTime:0.003207s ]
INFO: [ view_end ] --START--
INFO: Run ShowPageTrace Behavior [ RunTime:0.000982s ]
INFO: [ view_end ] --END-- [ RunTime:0.001041s ]

[ 2013-03-20T22:33:26+08:00 ] 0.0.0.0 /doufangbian/index.php/merchant/cat_manage
INFO: [ route_check ] --START--
INFO: Run CheckRoute Behavior [ RunTime:0.001415s ]
INFO: [ route_check ] --END-- [ RunTime:0.001512s ]
INFO: [ app_begin ] --START--
INFO: Run ReadHtmlCache Behavior [ RunTime:0.001125s ]
INFO: [ app_begin ] --END-- [ RunTime:0.001206s ]
SQL: SHOW COLUMNS FROM `dfb_merchant_cat` [ RunTime:0.001703s ]
SQL: SELECT * FROM `dfb_merchant_cat`  [ RunTime:0.000196s ]
INFO: [ view_template ] --START--
INFO: Run LocationTemplate Behavior [ RunTime:0.000745s ]
INFO: [ view_template ] --END-- [ RunTime:0.000785s ]
INFO: [ view_parse ] --START--
INFO: Run ParseTemplate Behavior [ RunTime:0.008109s ]
INFO: [ view_parse ] --END-- [ RunTime:0.008151s ]
INFO: [ view_filter ] --START--
INFO: Run ContentReplace Behavior [ RunTime:0.000481s ]
INFO: Run TokenBuild Behavior [ RunTime:0.000461s ]
INFO: Run WriteHtmlCache Behavior [ RunTime:0.000389s ]
INFO: Run ShowRuntime Behavior [ RunTime:0.000518s ]
INFO: [ view_filter ] --END-- [ RunTime:0.001957s ]
INFO: [ view_end ] --START--
INFO: Run ShowPageTrace Behavior [ RunTime:0.000607s ]
INFO: [ view_end ] --END-- [ RunTime:0.000643s ]

[ 2013-03-20T22:33:27+08:00 ] 0.0.0.0 /doufangbian/index.php/merchant/index
INFO: [ route_check ] --START--
INFO: Run CheckRoute Behavior [ RunTime:0.001427s ]
INFO: [ route_check ] --END-- [ RunTime:0.001521s ]
INFO: [ app_begin ] --START--
INFO: Run ReadHtmlCache Behavior [ RunTime:0.001115s ]
INFO: [ app_begin ] --END-- [ RunTime:0.001198s ]
SQL: SHOW COLUMNS FROM `dfb_merchant_group` [ RunTime:0.001712s ]
SQL: SELECT * FROM `dfb_merchant_group`  [ RunTime:0.000203s ]
SQL: SHOW COLUMNS FROM `dfb_merchant` [ RunTime:0.001739s ]
SQL: SHOW COLUMNS FROM `dfb_merchant` [ RunTime:0.001637s ]
SQL: SELECT * FROM `dfb_merchant` ORDER BY up desc  [ RunTime:0.000250s ]
INFO: [ view_template ] --START--
INFO: Run LocationTemplate Behavior [ RunTime:0.000648s ]
INFO: [ view_template ] --END-- [ RunTime:0.000685s ]
INFO: [ view_parse ] --START--
NOTIC: [8] Use of undefined constant merchant_details - assumed 'merchant_details' D:\xampp\htdocs\doufangbian\Admin\Runtime\Cache\510d4f864be6b7258d3a4247b14fd59c.php 第 85 行.
NOTIC: [8] Use of undefined constant merchant_details - assumed 'merchant_details' D:\xampp\htdocs\doufangbian\Admin\Runtime\Cache\510d4f864be6b7258d3a4247b14fd59c.php 第 85 行.
NOTIC: [8] Use of undefined constant merchant_details - assumed 'merchant_details' D:\xampp\htdocs\doufangbian\Admin\Runtime\Cache\510d4f864be6b7258d3a4247b14fd59c.php 第 85 行.
NOTIC: [8] Use of undefined constant merchant_details - assumed 'merchant_details' D:\xampp\htdocs\doufangbian\Admin\Runtime\Cache\510d4f864be6b7258d3a4247b14fd59c.php 第 85 行.
NOTIC: [8] Use of undefined constant merchant_details - assumed 'merchant_details' D:\xampp\htdocs\doufangbian\Admin\Runtime\Cache\510d4f864be6b7258d3a4247b14fd59c.php 第 85 行.
INFO: Run ParseTemplate Behavior [ RunTime:0.008736s ]
INFO: [ view_parse ] --END-- [ RunTime:0.008773s ]
INFO: [ view_filter ] --START--
INFO: Run ContentReplace Behavior [ RunTime:0.000461s ]
INFO: Run TokenBuild Behavior [ RunTime:0.000422s ]
INFO: Run WriteHtmlCache Behavior [ RunTime:0.000353s ]
INFO: Run ShowRuntime Behavior [ RunTime:0.000464s ]
INFO: [ view_filter ] --END-- [ RunTime:0.001791s ]
INFO: [ view_end ] --START--
INFO: Run ShowPageTrace Behavior [ RunTime:0.000546s ]
INFO: [ view_end ] --END-- [ RunTime:0.000578s ]

[ 2013-03-20T22:33:28+08:00 ] 0.0.0.0 /doufangbian/index.php/Merchant/index
INFO: [ route_check ] --START--
INFO: Run CheckRoute Behavior [ RunTime:0.001470s ]
INFO: [ route_check ] --END-- [ RunTime:0.001571s ]
INFO: [ app_begin ] --START--
INFO: Run ReadHtmlCache Behavior [ RunTime:0.001005s ]
INFO: [ app_begin ] --END-- [ RunTime:0.001063s ]
SQL: SHOW COLUMNS FROM `dfb_merchant_group` [ RunTime:0.001678s ]
SQL: SELECT * FROM `dfb_merchant_group`  [ RunTime:0.000225s ]
SQL: SHOW COLUMNS FROM `dfb_merchant` [ RunTime:0.001792s ]
SQL: SHOW COLUMNS FROM `dfb_merchant` [ RunTime:0.001766s ]
SQL: SELECT * FROM `dfb_merchant` ORDER BY up desc  [ RunTime:0.000251s ]
INFO: [ view_template ] --START--
INFO: Run LocationTemplate Behavior [ RunTime:0.000619s ]
INFO: [ view_template ] --END-- [ RunTime:0.000659s ]
INFO: [ view_parse ] --START--
NOTIC: [8] Use of undefined constant merchant_details - assumed 'merchant_details' D:\xampp\htdocs\doufangbian\Admin\Runtime\Cache\510d4f864be6b7258d3a4247b14fd59c.php 第 85 行.
NOTIC: [8] Use of undefined constant merchant_details - assumed 'merchant_details' D:\xampp\htdocs\doufangbian\Admin\Runtime\Cache\510d4f864be6b7258d3a4247b14fd59c.php 第 85 行.
NOTIC: [8] Use of undefined constant merchant_details - assumed 'merchant_details' D:\xampp\htdocs\doufangbian\Admin\Runtime\Cache\510d4f864be6b7258d3a4247b14fd59c.php 第 85 行.
NOTIC: [8] Use of undefined constant merchant_details - assumed 'merchant_details' D:\xampp\htdocs\doufangbian\Admin\Runtime\Cache\510d4f864be6b7258d3a4247b14fd59c.php 第 85 行.
NOTIC: [8] Use of undefined constant merchant_details - assumed 'merchant_details' D:\xampp\htdocs\doufangbian\Admin\Runtime\Cache\510d4f864be6b7258d3a4247b14fd59c.php 第 85 行.
INFO: Run ParseTemplate Behavior [ RunTime:0.009667s ]
INFO: [ view_parse ] --END-- [ RunTime:0.009706s ]
INFO: [ view_filter ] --START--
INFO: Run ContentReplace Behavior [ RunTime:0.000510s ]
INFO: Run TokenBuild Behavior [ RunTime:0.000469s ]
INFO: Run WriteHtmlCache Behavior [ RunTime:0.000389s ]
INFO: Run ShowRuntime Behavior [ RunTime:0.000517s ]
INFO: [ view_filter ] --END-- [ RunTime:0.001985s ]
INFO: [ view_end ] --START--
INFO: Run ShowPageTrace Behavior [ RunTime:0.000605s ]
INFO: [ view_end ] --END-- [ RunTime:0.000640s ]

[ 2013-03-20T22:33:30+08:00 ] 0.0.0.0 /doufangbian/index.php/merchant/merchant_details/merchantid/5
INFO: [ route_check ] --START--
INFO: Run CheckRoute Behavior [ RunTime:0.001421s ]
INFO: [ route_check ] --END-- [ RunTime:0.001520s ]
INFO: [ app_begin ] --START--
INFO: Run ReadHtmlCache Behavior [ RunTime:0.001110s ]
INFO: [ app_begin ] --END-- [ RunTime:0.001192s ]
SQL: SHOW COLUMNS FROM `dfb_merchant_comment` [ RunTime:0.001697s ]
SQL: SELECT * FROM `dfb_merchant_comment` WHERE ( `merchant_id` = 6 ) ORDER BY time desc  [ RunTime:0.000240s ]
SQL: SHOW COLUMNS FROM `dfb_merchant` [ RunTime:0.001550s ]
SQL: SELECT * FROM `dfb_merchant` WHERE ( `id` = 5 ) LIMIT 1   [ RunTime:0.000164s ]
INFO: [ view_template ] --START--
INFO: Run LocationTemplate Behavior [ RunTime:0.000565s ]
INFO: [ view_template ] --END-- [ RunTime:0.000601s ]
INFO: [ view_parse ] --START--
INFO: Run ParseTemplate Behavior [ RunTime:0.007762s ]
INFO: [ view_parse ] --END-- [ RunTime:0.007808s ]
INFO: [ view_filter ] --START--
INFO: Run ContentReplace Behavior [ RunTime:0.000466s ]
INFO: Run TokenBuild Behavior [ RunTime:0.000427s ]
INFO: Run WriteHtmlCache Behavior [ RunTime:0.000360s ]
INFO: Run ShowRuntime Behavior [ RunTime:0.000473s ]
INFO: [ view_filter ] --END-- [ RunTime:0.001824s ]
INFO: [ view_end ] --START--
INFO: Run ShowPageTrace Behavior [ RunTime:0.000549s ]
INFO: [ view_end ] --END-- [ RunTime:0.000583s ]

[ 2013-03-20T22:33:30+08:00 ] 0.0.0.0 /doufangbian/index.php/merchant/cat_manage
INFO: [ route_check ] --START--
INFO: Run CheckRoute Behavior [ RunTime:0.001531s ]
INFO: [ route_check ] --END-- [ RunTime:0.001630s ]
INFO: [ app_begin ] --START--
INFO: Run ReadHtmlCache Behavior [ RunTime:0.001159s ]
INFO: [ app_begin ] --END-- [ RunTime:0.001241s ]
SQL: SHOW COLUMNS FROM `dfb_merchant_cat` [ RunTime:0.003207s ]
SQL: SELECT * FROM `dfb_merchant_cat`  [ RunTime:0.000307s ]
INFO: [ view_template ] --START--
INFO: Run LocationTemplate Behavior [ RunTime:0.001253s ]
INFO: [ view_template ] --END-- [ RunTime:0.001329s ]
INFO: [ view_parse ] --START--
INFO: Run ParseTemplate Behavior [ RunTime:0.015285s ]
INFO: [ view_parse ] --END-- [ RunTime:0.015366s ]
INFO: [ view_filter ] --START--
INFO: Run ContentReplace Behavior [ RunTime:0.000934s ]
INFO: Run TokenBuild Behavior [ RunTime:0.000898s ]
INFO: Run WriteHtmlCache Behavior [ RunTime:0.000753s ]
INFO: Run ShowRuntime Behavior [ RunTime:0.001001s ]
INFO: [ view_filter ] --END-- [ RunTime:0.003791s ]
INFO: [ view_end ] --START--
INFO: Run ShowPageTrace Behavior [ RunTime:0.001182s ]
INFO: [ view_end ] --END-- [ RunTime:0.001251s ]

[ 2013-03-20T22:33:31+08:00 ] 0.0.0.0 /doufangbian/
INFO: [ app_begin ] --START--
INFO: Run ReadHtmlCache Behavior [ RunTime:0.001105s ]
INFO: [ app_begin ] --END-- [ RunTime:0.001199s ]
INFO: [ view_template ] --START--
INFO: Run LocationTemplate Behavior [ RunTime:0.001282s ]
INFO: [ view_template ] --END-- [ RunTime:0.001364s ]
INFO: [ view_parse ] --START--
INFO: Run ParseTemplate Behavior [ RunTime:0.011703s ]
INFO: [ view_parse ] --END-- [ RunTime:0.011788s ]
INFO: [ view_filter ] --START--
INFO: Run ContentReplace Behavior [ RunTime:0.000914s ]
INFO: Run TokenBuild Behavior [ RunTime:0.000902s ]
INFO: Run WriteHtmlCache Behavior [ RunTime:0.000735s ]
INFO: Run ShowRuntime Behavior [ RunTime:0.000515s ]
INFO: [ view_filter ] --END-- [ RunTime:0.003228s ]
INFO: [ view_end ] --START--
INFO: Run ShowPageTrace Behavior [ RunTime:0.000617s ]
INFO: [ view_end ] --END-- [ RunTime:0.000655s ]

[ 2013-03-20T22:33:31+08:00 ] 0.0.0.0 /doufangbian/index.php/Public/menu
INFO: [ route_check ] --START--
INFO: Run CheckRoute Behavior [ RunTime:0.000779s ]
INFO: [ route_check ] --END-- [ RunTime:0.000835s ]
INFO: [ app_begin ] --START--
INFO: Run ReadHtmlCache Behavior [ RunTime:0.000556s ]
INFO: [ app_begin ] --END-- [ RunTime:0.000598s ]
INFO: [ view_template ] --START--
INFO: Run LocationTemplate Behavior [ RunTime:0.000402s ]
INFO: [ view_template ] --END-- [ RunTime:0.000445s ]
INFO: [ view_parse ] --START--
INFO: Run ParseTemplate Behavior [ RunTime:0.006661s ]
INFO: [ view_parse ] --END-- [ RunTime:0.006720s ]
INFO: [ view_filter ] --START--
INFO: Run ContentReplace Behavior [ RunTime:0.000435s ]
INFO: Run TokenBuild Behavior [ RunTime:0.000393s ]
INFO: Run WriteHtmlCache Behavior [ RunTime:0.000294s ]
INFO: Run ShowRuntime Behavior [ RunTime:0.000409s ]
INFO: [ view_filter ] --END-- [ RunTime:0.001633s ]
INFO: [ view_end ] --START--
INFO: Run ShowPageTrace Behavior [ RunTime:0.000503s ]
INFO: [ view_end ] --END-- [ RunTime:0.000537s ]

[ 2013-03-20T22:33:31+08:00 ] 0.0.0.0 /doufangbian/index.php/Public/main
INFO: [ route_check ] --START--
INFO: Run CheckRoute Behavior [ RunTime:0.001000s ]
INFO: [ route_check ] --END-- [ RunTime:0.001054s ]
INFO: [ app_begin ] --START--
INFO: Run ReadHtmlCache Behavior [ RunTime:0.000518s ]
INFO: [ app_begin ] --END-- [ RunTime:0.000562s ]
INFO: [ view_template ] --START--
INFO: Run LocationTemplate Behavior [ RunTime:0.000657s ]
INFO: [ view_template ] --END-- [ RunTime:0.000705s ]
INFO: [ view_parse ] --START--
INFO: Run ParseTemplate Behavior [ RunTime:0.005195s ]
INFO: [ view_parse ] --END-- [ RunTime:0.005250s ]
INFO: [ view_filter ] --START--
INFO: Run ContentReplace Behavior [ RunTime:0.000425s ]
INFO: Run TokenBuild Behavior [ RunTime:0.000356s ]
INFO: Run WriteHtmlCache Behavior [ RunTime:0.000296s ]
INFO: Run ShowRuntime Behavior [ RunTime:0.000411s ]
INFO: [ view_filter ] --END-- [ RunTime:0.001586s ]
INFO: [ view_end ] --START--
INFO: Run ShowPageTrace Behavior [ RunTime:0.000529s ]
INFO: [ view_end ] --END-- [ RunTime:0.000564s ]

[ 2013-03-20T22:33:31+08:00 ] 0.0.0.0 /doufangbian/index.php/Public/header
INFO: [ route_check ] --START--
INFO: Run CheckRoute Behavior [ RunTime:0.000785s ]
INFO: [ route_check ] --END-- [ RunTime:0.000835s ]
INFO: [ app_begin ] --START--
INFO: Run ReadHtmlCache Behavior [ RunTime:0.000589s ]
INFO: [ app_begin ] --END-- [ RunTime:0.000635s ]
INFO: [ view_template ] --START--
INFO: Run LocationTemplate Behavior [ RunTime:0.000628s ]
INFO: [ view_template ] --END-- [ RunTime:0.000675s ]
INFO: [ view_parse ] --START--
INFO: Run ParseTemplate Behavior [ RunTime:0.005748s ]
INFO: [ view_parse ] --END-- [ RunTime:0.005798s ]
INFO: [ view_filter ] --START--
INFO: Run ContentReplace Behavior [ RunTime:0.000434s ]
INFO: Run TokenBuild Behavior [ RunTime:0.000429s ]
INFO: Run WriteHtmlCache Behavior [ RunTime:0.000356s ]
INFO: Run ShowRuntime Behavior [ RunTime:0.000477s ]
INFO: [ view_filter ] --END-- [ RunTime:0.001791s ]
INFO: [ view_end ] --START--
INFO: Run ShowPageTrace Behavior [ RunTime:0.000560s ]
INFO: [ view_end ] --END-- [ RunTime:0.000593s ]

[ 2013-03-20T22:42:08+08:00 ] 0.0.0.0 /doufangbian/
INFO: [ app_begin ] --START--
INFO: Run ReadHtmlCache Behavior [ RunTime:0.000538s ]
INFO: [ app_begin ] --END-- [ RunTime:0.000589s ]
INFO: [ view_template ] --START--
INFO: Run LocationTemplate Behavior [ RunTime:0.000620s ]
INFO: [ view_template ] --END-- [ RunTime:0.000657s ]
INFO: [ view_parse ] --START--
INFO: Run ParseTemplate Behavior [ RunTime:0.005124s ]
INFO: [ view_parse ] --END-- [ RunTime:0.005183s ]
INFO: [ view_filter ] --START--
INFO: Run ContentReplace Behavior [ RunTime:0.000415s ]
INFO: Run TokenBuild Behavior [ RunTime:0.000355s ]
INFO: Run WriteHtmlCache Behavior [ RunTime:0.000340s ]
INFO: Run ShowRuntime Behavior [ RunTime:0.000404s ]
INFO: [ view_filter ] --END-- [ RunTime:0.001608s ]
INFO: [ view_end ] --START--
INFO: Run ShowPageTrace Behavior [ RunTime:0.000493s ]
INFO: [ view_end ] --END-- [ RunTime:0.000527s ]

[ 2013-03-20T22:42:08+08:00 ] 0.0.0.0 /doufangbian/index.php/Public/header
INFO: [ route_check ] --START--
INFO: Run CheckRoute Behavior [ RunTime:0.000719s ]
INFO: [ route_check ] --END-- [ RunTime:0.000769s ]
INFO: [ app_begin ] --START--
INFO: Run ReadHtmlCache Behavior [ RunTime:0.000405s ]
INFO: [ app_begin ] --END-- [ RunTime:0.000441s ]
INFO: [ view_template ] --START--
INFO: Run LocationTemplate Behavior [ RunTime:0.000403s ]
INFO: [ view_template ] --END-- [ RunTime:0.000441s ]
INFO: [ view_parse ] --START--
INFO: Run ParseTemplate Behavior [ RunTime:0.004721s ]
INFO: [ view_parse ] --END-- [ RunTime:0.004769s ]
INFO: [ view_filter ] --START--
INFO: Run ContentReplace Behavior [ RunTime:0.000397s ]
INFO: Run TokenBuild Behavior [ RunTime:0.000290s ]
INFO: Run WriteHtmlCache Behavior [ RunTime:0.000316s ]
INFO: Run ShowRuntime Behavior [ RunTime:0.000400s ]
INFO: [ view_filter ] --END-- [ RunTime:0.001502s ]
INFO: [ view_end ] --START--
INFO: Run ShowPageTrace Behavior [ RunTime:0.000444s ]
INFO: [ view_end ] --END-- [ RunTime:0.000477s ]

[ 2013-03-20T22:42:08+08:00 ] 0.0.0.0 /doufangbian/index.php/Public/menu
INFO: [ route_check ] --START--
INFO: Run CheckRoute Behavior [ RunTime:0.000698s ]
INFO: [ route_check ] --END-- [ RunTime:0.000743s ]
INFO: [ app_begin ] --START--
INFO: Run ReadHtmlCache Behavior [ RunTime:0.000461s ]
INFO: [ app_begin ] --END-- [ RunTime:0.000500s ]
INFO: [ view_template ] --START--
INFO: Run LocationTemplate Behavior [ RunTime:0.000487s ]
INFO: [ view_template ] --END-- [ RunTime:0.000535s ]
INFO: [ view_parse ] --START--
INFO: Run ParseTemplate Behavior [ RunTime:0.004993s ]
INFO: [ view_parse ] --END-- [ RunTime:0.005046s ]
INFO: [ view_filter ] --START--
INFO: Run ContentReplace Behavior [ RunTime:0.000419s ]
INFO: Run TokenBuild Behavior [ RunTime:0.000364s ]
INFO: Run WriteHtmlCache Behavior [ RunTime:0.000364s ]
INFO: Run ShowRuntime Behavior [ RunTime:0.000406s ]
INFO: [ view_filter ] --END-- [ RunTime:0.001647s ]
INFO: [ view_end ] --START--
INFO: Run ShowPageTrace Behavior [ RunTime:0.000500s ]
INFO: [ view_end ] --END-- [ RunTime:0.000532s ]

[ 2013-03-20T22:42:08+08:00 ] 0.0.0.0 /doufangbian/index.php/Public/main
INFO: [ route_check ] --START--
INFO: Run CheckRoute Behavior [ RunTime:0.000701s ]
INFO: [ route_check ] --END-- [ RunTime:0.000745s ]
INFO: [ app_begin ] --START--
INFO: Run ReadHtmlCache Behavior [ RunTime:0.000466s ]
INFO: [ app_begin ] --END-- [ RunTime:0.000504s ]
INFO: [ view_template ] --START--
INFO: Run LocationTemplate Behavior [ RunTime:0.000680s ]
INFO: [ view_template ] --END-- [ RunTime:0.000728s ]
INFO: [ view_parse ] --START--
INFO: Run ParseTemplate Behavior [ RunTime:0.004971s ]
INFO: [ view_parse ] --END-- [ RunTime:0.005017s ]
INFO: [ view_filter ] --START--
INFO: Run ContentReplace Behavior [ RunTime:0.000407s ]
INFO: Run TokenBuild Behavior [ RunTime:0.000354s ]
INFO: Run WriteHtmlCache Behavior [ RunTime:0.000340s ]
INFO: Run ShowRuntime Behavior [ RunTime:0.000408s ]
INFO: [ view_filter ] --END-- [ RunTime:0.001606s ]
INFO: [ view_end ] --START--
INFO: Run ShowPageTrace Behavior [ RunTime:0.000563s ]
INFO: [ view_end ] --END-- [ RunTime:0.000599s ]

[ 2013-03-20T22:42:10+08:00 ] 0.0.0.0 /doufangbian/index.php/Merchant/index
INFO: [ route_check ] --START--
INFO: Run CheckRoute Behavior [ RunTime:0.001319s ]
INFO: [ route_check ] --END-- [ RunTime:0.001413s ]
INFO: [ app_begin ] --START--
INFO: Run ReadHtmlCache Behavior [ RunTime:0.000862s ]
INFO: [ app_begin ] --END-- [ RunTime:0.000939s ]
SQL: SHOW COLUMNS FROM `dfb_merchant_group` [ RunTime:0.003252s ]
SQL: SELECT * FROM `dfb_merchant_group`  [ RunTime:0.000357s ]
SQL: SHOW COLUMNS FROM `dfb_merchant` [ RunTime:0.003339s ]
SQL: SHOW COLUMNS FROM `dfb_merchant` [ RunTime:0.003202s ]
SQL: SELECT * FROM `dfb_merchant` ORDER BY up desc  [ RunTime:0.000451s ]
INFO: [ view_template ] --START--
INFO: Run LocationTemplate Behavior [ RunTime:0.001196s ]
INFO: [ view_template ] --END-- [ RunTime:0.001273s ]
INFO: [ view_parse ] --START--
NOTIC: [8] Use of undefined constant merchant_details - assumed 'merchant_details' D:\xampp\htdocs\doufangbian\Admin\Runtime\Cache\510d4f864be6b7258d3a4247b14fd59c.php 第 85 行.
NOTIC: [8] Use of undefined constant merchant_details - assumed 'merchant_details' D:\xampp\htdocs\doufangbian\Admin\Runtime\Cache\510d4f864be6b7258d3a4247b14fd59c.php 第 85 行.
NOTIC: [8] Use of undefined constant merchant_details - assumed 'merchant_details' D:\xampp\htdocs\doufangbian\Admin\Runtime\Cache\510d4f864be6b7258d3a4247b14fd59c.php 第 85 行.
NOTIC: [8] Use of undefined constant merchant_details - assumed 'merchant_details' D:\xampp\htdocs\doufangbian\Admin\Runtime\Cache\510d4f864be6b7258d3a4247b14fd59c.php 第 85 行.
NOTIC: [8] Use of undefined constant merchant_details - assumed 'merchant_details' D:\xampp\htdocs\doufangbian\Admin\Runtime\Cache\510d4f864be6b7258d3a4247b14fd59c.php 第 85 行.
INFO: Run ParseTemplate Behavior [ RunTime:0.016678s ]
INFO: [ view_parse ] --END-- [ RunTime:0.016750s ]
INFO: [ view_filter ] --START--
INFO: Run ContentReplace Behavior [ RunTime:0.000895s ]
INFO: Run TokenBuild Behavior [ RunTime:0.000616s ]
INFO: Run WriteHtmlCache Behavior [ RunTime:0.000669s ]
INFO: Run ShowRuntime Behavior [ RunTime:0.000719s ]
INFO: [ view_filter ] --END-- [ RunTime:0.003100s ]
INFO: [ view_end ] --START--
INFO: Run ShowPageTrace Behavior [ RunTime:0.000874s ]
INFO: [ view_end ] --END-- [ RunTime:0.000941s ]

[ 2013-03-20T22:42:11+08:00 ] 0.0.0.0 /doufangbian/index.php/merchant/merchant_details/merchantid/5
INFO: [ route_check ] --START--
INFO: Run CheckRoute Behavior [ RunTime:0.001076s ]
INFO: [ route_check ] --END-- [ RunTime:0.001164s ]
INFO: [ app_begin ] --START--
INFO: Run ReadHtmlCache Behavior [ RunTime:0.000777s ]
INFO: [ app_begin ] --END-- [ RunTime:0.000849s ]
SQL: SHOW COLUMNS FROM `dfb_merchant_comment` [ RunTime:0.001849s ]
SQL: SELECT * FROM `dfb_merchant_comment` WHERE ( `merchant_id` = 6 ) ORDER BY time desc  [ RunTime:0.000256s ]
SQL: SHOW COLUMNS FROM `dfb_merchant` [ RunTime:0.001692s ]
SQL: SELECT * FROM `dfb_merchant` WHERE ( `id` = 5 ) LIMIT 1   [ RunTime:0.000176s ]
INFO: [ view_template ] --START--
INFO: Run LocationTemplate Behavior [ RunTime:0.000586s ]
INFO: [ view_template ] --END-- [ RunTime:0.000627s ]
INFO: [ view_parse ] --START--
INFO: Run ParseTemplate Behavior [ RunTime:0.007348s ]
INFO: [ view_parse ] --END-- [ RunTime:0.007393s ]
INFO: [ view_filter ] --START--
INFO: Run ContentReplace Behavior [ RunTime:0.000440s ]
INFO: Run TokenBuild Behavior [ RunTime:0.000319s ]
INFO: Run WriteHtmlCache Behavior [ RunTime:0.000347s ]
INFO: Run ShowRuntime Behavior [ RunTime:0.000372s ]
INFO: [ view_filter ] --END-- [ RunTime:0.001585s ]
INFO: [ view_end ] --START--
INFO: Run ShowPageTrace Behavior [ RunTime:0.000457s ]
INFO: [ view_end ] --END-- [ RunTime:0.000494s ]

[ 2013-03-20T22:42:34+08:00 ] 0.0.0.0 /doufangbian/index.php/merchant/index
INFO: [ route_check ] --START--
INFO: Run CheckRoute Behavior [ RunTime:0.001132s ]
INFO: [ route_check ] --END-- [ RunTime:0.001233s ]
INFO: [ app_begin ] --START--
INFO: Run ReadHtmlCache Behavior [ RunTime:0.000832s ]
INFO: [ app_begin ] --END-- [ RunTime:0.000912s ]
SQL: SHOW COLUMNS FROM `dfb_merchant_group` [ RunTime:0.014609s ]
SQL: SELECT * FROM `dfb_merchant_group`  [ RunTime:0.000383s ]
SQL: SHOW COLUMNS FROM `dfb_merchant` [ RunTime:0.003306s ]
SQL: SHOW COLUMNS FROM `dfb_merchant` [ RunTime:0.003478s ]
SQL: SELECT * FROM `dfb_merchant` ORDER BY up desc  [ RunTime:0.000500s ]
INFO: [ view_template ] --START--
INFO: Run LocationTemplate Behavior [ RunTime:0.000986s ]
INFO: [ view_template ] --END-- [ RunTime:0.001062s ]
INFO: [ view_parse ] --START--
NOTIC: [8] Use of undefined constant merchant_details - assumed 'merchant_details' D:\xampp\htdocs\doufangbian\Admin\Runtime\Cache\510d4f864be6b7258d3a4247b14fd59c.php 第 85 行.
NOTIC: [8] Use of undefined constant merchant_details - assumed 'merchant_details' D:\xampp\htdocs\doufangbian\Admin\Runtime\Cache\510d4f864be6b7258d3a4247b14fd59c.php 第 85 行.
NOTIC: [8] Use of undefined constant merchant_details - assumed 'merchant_details' D:\xampp\htdocs\doufangbian\Admin\Runtime\Cache\510d4f864be6b7258d3a4247b14fd59c.php 第 85 行.
NOTIC: [8] Use of undefined constant merchant_details - assumed 'merchant_details' D:\xampp\htdocs\doufangbian\Admin\Runtime\Cache\510d4f864be6b7258d3a4247b14fd59c.php 第 85 行.
NOTIC: [8] Use of undefined constant merchant_details - assumed 'merchant_details' D:\xampp\htdocs\doufangbian\Admin\Runtime\Cache\510d4f864be6b7258d3a4247b14fd59c.php 第 85 行.
INFO: Run ParseTemplate Behavior [ RunTime:0.016800s ]
INFO: [ view_parse ] --END-- [ RunTime:0.016874s ]
INFO: [ view_filter ] --START--
INFO: Run ContentReplace Behavior [ RunTime:0.000899s ]
INFO: Run TokenBuild Behavior [ RunTime:0.000610s ]
INFO: Run WriteHtmlCache Behavior [ RunTime:0.000669s ]
INFO: Run ShowRuntime Behavior [ RunTime:0.000709s ]
INFO: [ view_filter ] --END-- [ RunTime:0.003081s ]
INFO: [ view_end ] --START--
INFO: Run ShowPageTrace Behavior [ RunTime:0.000944s ]
INFO: [ view_end ] --END-- [ RunTime:0.001015s ]

[ 2013-03-20T22:42:34+08:00 ] 0.0.0.0 /doufangbian/index.php/merchant/add_merchant
INFO: [ route_check ] --START--
INFO: Run CheckRoute Behavior [ RunTime:0.001134s ]
INFO: [ route_check ] --END-- [ RunTime:0.001230s ]
INFO: [ app_begin ] --START--
INFO: Run ReadHtmlCache Behavior [ RunTime:0.000826s ]
INFO: [ app_begin ] --END-- [ RunTime:0.000906s ]
SQL: SHOW COLUMNS FROM `dfb_merchant_group` [ RunTime:0.001691s ]
SQL: SELECT * FROM `dfb_merchant_group`  [ RunTime:0.000201s ]
INFO: [ view_template ] --START--
INFO: Run LocationTemplate Behavior [ RunTime:0.000458s ]
INFO: [ view_template ] --END-- [ RunTime:0.000496s ]
INFO: [ view_parse ] --START--
INFO: Run ParseTemplate Behavior [ RunTime:0.005627s ]
INFO: [ view_parse ] --END-- [ RunTime:0.005661s ]
INFO: [ view_filter ] --START--
INFO: Run ContentReplace Behavior [ RunTime:0.000371s ]
INFO: Run TokenBuild Behavior [ RunTime:0.000279s ]
INFO: Run WriteHtmlCache Behavior [ RunTime:0.000304s ]
INFO: Run ShowRuntime Behavior [ RunTime:0.000330s ]
INFO: [ view_filter ] --END-- [ RunTime:0.001374s ]
INFO: [ view_end ] --START--
INFO: Run ShowPageTrace Behavior [ RunTime:0.000420s ]
INFO: [ view_end ] --END-- [ RunTime:0.000452s ]

[ 2013-03-20T22:42:35+08:00 ] 0.0.0.0 /doufangbian/index.php/merchant/index
INFO: [ route_check ] --START--
INFO: Run CheckRoute Behavior [ RunTime:0.001226s ]
INFO: [ route_check ] --END-- [ RunTime:0.001323s ]
INFO: [ app_begin ] --START--
INFO: Run ReadHtmlCache Behavior [ RunTime:0.000843s ]
INFO: [ app_begin ] --END-- [ RunTime:0.000922s ]
SQL: SHOW COLUMNS FROM `dfb_merchant_group` [ RunTime:0.001586s ]
SQL: SELECT * FROM `dfb_merchant_group`  [ RunTime:0.000192s ]
SQL: SHOW COLUMNS FROM `dfb_merchant` [ RunTime:0.001667s ]
SQL: SHOW COLUMNS FROM `dfb_merchant` [ RunTime:0.001603s ]
SQL: SELECT * FROM `dfb_merchant` ORDER BY up desc  [ RunTime:0.000253s ]
INFO: [ view_template ] --START--
INFO: Run LocationTemplate Behavior [ RunTime:0.000390s ]
INFO: [ view_template ] --END-- [ RunTime:0.000428s ]
INFO: [ view_parse ] --START--
NOTIC: [8] Use of undefined constant merchant_details - assumed 'merchant_details' D:\xampp\htdocs\doufangbian\Admin\Runtime\Cache\510d4f864be6b7258d3a4247b14fd59c.php 第 85 行.
NOTIC: [8] Use of undefined constant merchant_details - assumed 'merchant_details' D:\xampp\htdocs\doufangbian\Admin\Runtime\Cache\510d4f864be6b7258d3a4247b14fd59c.php 第 85 行.
NOTIC: [8] Use of undefined constant merchant_details - assumed 'merchant_details' D:\xampp\htdocs\doufangbian\Admin\Runtime\Cache\510d4f864be6b7258d3a4247b14fd59c.php 第 85 行.
NOTIC: [8] Use of undefined constant merchant_details - assumed 'merchant_details' D:\xampp\htdocs\doufangbian\Admin\Runtime\Cache\510d4f864be6b7258d3a4247b14fd59c.php 第 85 行.
NOTIC: [8] Use of undefined constant merchant_details - assumed 'merchant_details' D:\xampp\htdocs\doufangbian\Admin\Runtime\Cache\510d4f864be6b7258d3a4247b14fd59c.php 第 85 行.
INFO: Run ParseTemplate Behavior [ RunTime:0.007916s ]
INFO: [ view_parse ] --END-- [ RunTime:0.007950s ]
INFO: [ view_filter ] --START--
INFO: Run ContentReplace Behavior [ RunTime:0.000430s ]
INFO: Run TokenBuild Behavior [ RunTime:0.000300s ]
INFO: Run WriteHtmlCache Behavior [ RunTime:0.000325s ]
INFO: Run ShowRuntime Behavior [ RunTime:0.000348s ]
INFO: [ view_filter ] --END-- [ RunTime:0.001497s ]
INFO: [ view_end ] --START--
INFO: Run ShowPageTrace Behavior [ RunTime:0.000424s ]
INFO: [ view_end ] --END-- [ RunTime:0.000457s ]

[ 2013-03-20T22:42:36+08:00 ] 0.0.0.0 /doufangbian/index.php/merchant/merchant_details/merchantid/5
INFO: [ route_check ] --START--
INFO: Run CheckRoute Behavior [ RunTime:0.001135s ]
INFO: [ route_check ] --END-- [ RunTime:0.001229s ]
INFO: [ app_begin ] --START--
INFO: Run ReadHtmlCache Behavior [ RunTime:0.000818s ]
INFO: [ app_begin ] --END-- [ RunTime:0.000897s ]
SQL: SHOW COLUMNS FROM `dfb_merchant_comment` [ RunTime:0.002380s ]
SQL: SELECT * FROM `dfb_merchant_comment` WHERE ( `merchant_id` = 6 ) ORDER BY time desc  [ RunTime:0.000318s ]
SQL: SHOW COLUMNS FROM `dfb_merchant` [ RunTime:0.002032s ]
SQL: SELECT * FROM `dfb_merchant` WHERE ( `id` = 5 ) LIMIT 1   [ RunTime:0.000246s ]
INFO: [ view_template ] --START--
INFO: Run LocationTemplate Behavior [ RunTime:0.000544s ]
INFO: [ view_template ] --END-- [ RunTime:0.000591s ]
INFO: [ view_parse ] --START--
INFO: Run ParseTemplate Behavior [ RunTime:0.008410s ]
INFO: [ view_parse ] --END-- [ RunTime:0.008458s ]
INFO: [ view_filter ] --START--
INFO: Run ContentReplace Behavior [ RunTime:0.000510s ]
INFO: Run TokenBuild Behavior [ RunTime:0.000392s ]
INFO: Run WriteHtmlCache Behavior [ RunTime:0.000399s ]
INFO: Run ShowRuntime Behavior [ RunTime:0.000428s ]
INFO: [ view_filter ] --END-- [ RunTime:0.001854s ]
INFO: [ view_end ] --START--
INFO: Run ShowPageTrace Behavior [ RunTime:0.000524s ]
INFO: [ view_end ] --END-- [ RunTime:0.000566s ]

[ 2013-03-20T22:43:05+08:00 ] ERR: (ThinkException) Access denied for user 'root'@'localhost' (using password: YES)
[ 2013-03-20T22:46:41+08:00 ] 0.0.0.0 /doufangbian/index.php/Merchant/index
INFO: [ route_check ] --START--
INFO: Run CheckRoute Behavior [ RunTime:0.001471s ]
INFO: [ route_check ] --END-- [ RunTime:0.001576s ]
INFO: [ app_begin ] --START--
INFO: Run ReadHtmlCache Behavior [ RunTime:0.000970s ]
INFO: [ app_begin ] --END-- [ RunTime:0.001050s ]
SQL: SHOW COLUMNS FROM `dfb_merchant_group` [ RunTime:0.001686s ]
SQL: SELECT * FROM `dfb_merchant_group`  [ RunTime:0.000190s ]
SQL: SHOW COLUMNS FROM `dfb_merchant` [ RunTime:0.001562s ]
SQL: SHOW COLUMNS FROM `dfb_merchant` [ RunTime:0.001639s ]
SQL: SELECT * FROM `dfb_merchant` ORDER BY up desc  [ RunTime:0.000211s ]
INFO: [ view_template ] --START--
INFO: Run LocationTemplate Behavior [ RunTime:0.000623s ]
INFO: [ view_template ] --END-- [ RunTime:0.000661s ]
INFO: [ view_parse ] --START--
NOTIC: [8] Use of undefined constant merchant_details - assumed 'merchant_details' D:\xampp\htdocs\doufangbian\Admin\Runtime\Cache\510d4f864be6b7258d3a4247b14fd59c.php 第 85 行.
NOTIC: [8] Use of undefined constant merchant_details - assumed 'merchant_details' D:\xampp\htdocs\doufangbian\Admin\Runtime\Cache\510d4f864be6b7258d3a4247b14fd59c.php 第 85 行.
NOTIC: [8] Use of undefined constant merchant_details - assumed 'merchant_details' D:\xampp\htdocs\doufangbian\Admin\Runtime\Cache\510d4f864be6b7258d3a4247b14fd59c.php 第 85 行.
NOTIC: [8] Use of undefined constant merchant_details - assumed 'merchant_details' D:\xampp\htdocs\doufangbian\Admin\Runtime\Cache\510d4f864be6b7258d3a4247b14fd59c.php 第 85 行.
NOTIC: [8] Use of undefined constant merchant_details - assumed 'merchant_details' D:\xampp\htdocs\doufangbian\Admin\Runtime\Cache\510d4f864be6b7258d3a4247b14fd59c.php 第 85 行.
INFO: Run ParseTemplate Behavior [ RunTime:0.008219s ]
INFO: [ view_parse ] --END-- [ RunTime:0.008254s ]
INFO: [ view_filter ] --START--
INFO: Run ContentReplace Behavior [ RunTime:0.000444s ]
INFO: Run TokenBuild Behavior [ RunTime:0.000347s ]
INFO: Run WriteHtmlCache Behavior [ RunTime:0.000348s ]
INFO: Run ShowRuntime Behavior [ RunTime:0.000403s ]
INFO: [ view_filter ] --END-- [ RunTime:0.001635s ]
INFO: [ view_end ] --START--
INFO: Run ShowPageTrace Behavior [ RunTime:0.000482s ]
INFO: [ view_end ] --END-- [ RunTime:0.000514s ]

[ 2013-03-20T22:46:42+08:00 ] 0.0.0.0 /doufangbian/index.php/merchant/merchant_details/merchantid/1
INFO: [ route_check ] --START--
INFO: Run CheckRoute Behavior [ RunTime:0.001125s ]
INFO: [ route_check ] --END-- [ RunTime:0.001223s ]
INFO: [ app_begin ] --START--
INFO: Run ReadHtmlCache Behavior [ RunTime:0.000853s ]
INFO: [ app_begin ] --END-- [ RunTime:0.000942s ]
SQL: SHOW COLUMNS FROM `dfb_merchant_comment` [ RunTime:0.002054s ]
SQL: SELECT * FROM `dfb_merchant_comment` WHERE ( `merchant_id` = 6 ) ORDER BY time desc  [ RunTime:0.000313s ]
SQL: SHOW COLUMNS FROM `dfb_merchant` [ RunTime:0.002024s ]
SQL: SELECT * FROM `dfb_merchant` WHERE ( `id` = 1 ) LIMIT 1   [ RunTime:0.000222s ]
INFO: [ view_template ] --START--
INFO: Run LocationTemplate Behavior [ RunTime:0.000705s ]
INFO: [ view_template ] --END-- [ RunTime:0.000751s ]
INFO: [ view_parse ] --START--
INFO: Run ParseTemplate Behavior [ RunTime:0.008330s ]
INFO: [ view_parse ] --END-- [ RunTime:0.008379s ]
INFO: [ view_filter ] --START--
INFO: Run ContentReplace Behavior [ RunTime:0.000495s ]
INFO: Run TokenBuild Behavior [ RunTime:0.000362s ]
INFO: Run WriteHtmlCache Behavior [ RunTime:0.000394s ]
INFO: Run ShowRuntime Behavior [ RunTime:0.000424s ]
INFO: [ view_filter ] --END-- [ RunTime:0.001798s ]
INFO: [ view_end ] --START--
INFO: Run ShowPageTrace Behavior [ RunTime:0.000523s ]
INFO: [ view_end ] --END-- [ RunTime:0.000564s ]

[ 2013-03-20T22:46:45+08:00 ] 0.0.0.0 /doufangbian/index.php/Merchant/merchant_details/merchantid/1
INFO: [ route_check ] --START--
INFO: Run CheckRoute Behavior [ RunTime:0.000866s ]
INFO: [ route_check ] --END-- [ RunTime:0.000941s ]
INFO: [ app_begin ] --START--
INFO: Run ReadHtmlCache Behavior [ RunTime:0.000637s ]
INFO: [ app_begin ] --END-- [ RunTime:0.000697s ]
SQL: SHOW COLUMNS FROM `dfb_merchant_comment` [ RunTime:0.002472s ]
SQL: SELECT * FROM `dfb_merchant_comment` WHERE ( `merchant_id` = 6 ) ORDER BY time desc  [ RunTime:0.000316s ]
SQL: SHOW COLUMNS FROM `dfb_merchant` [ RunTime:0.002630s ]
SQL: SELECT * FROM `dfb_merchant` WHERE ( `id` = 1 ) LIMIT 1   [ RunTime:0.000293s ]
INFO: [ view_template ] --START--
INFO: Run LocationTemplate Behavior [ RunTime:0.000923s ]
INFO: [ view_template ] --END-- [ RunTime:0.000990s ]
INFO: [ view_parse ] --START--
INFO: Run ParseTemplate Behavior [ RunTime:0.010811s ]
INFO: [ view_parse ] --END-- [ RunTime:0.010875s ]
INFO: [ view_filter ] --START--
INFO: Run ContentReplace Behavior [ RunTime:0.000649s ]
INFO: Run TokenBuild Behavior [ RunTime:0.000478s ]
INFO: Run WriteHtmlCache Behavior [ RunTime:0.000516s ]
INFO: Run ShowRuntime Behavior [ RunTime:0.000564s ]
INFO: [ view_filter ] --END-- [ RunTime:0.002360s ]
INFO: [ view_end ] --START--
INFO: Run ShowPageTrace Behavior [ RunTime:0.000675s ]
INFO: [ view_end ] --END-- [ RunTime:0.000732s ]

[ 2013-03-20T22:46:46+08:00 ] 0.0.0.0 /doufangbian/index.php/merchant/add_merchant
INFO: [ route_check ] --START--
INFO: Run CheckRoute Behavior [ RunTime:0.001127s ]
INFO: [ route_check ] --END-- [ RunTime:0.001224s ]
INFO: [ app_begin ] --START--
INFO: Run ReadHtmlCache Behavior [ RunTime:0.000826s ]
INFO: [ app_begin ] --END-- [ RunTime:0.000907s ]
SQL: SHOW COLUMNS FROM `dfb_merchant_group` [ RunTime:0.003140s ]
SQL: SELECT * FROM `dfb_merchant_group`  [ RunTime:0.000200s ]
INFO: [ view_template ] --START--
INFO: Run LocationTemplate Behavior [ RunTime:0.000554s ]
INFO: [ view_template ] --END-- [ RunTime:0.000593s ]
INFO: [ view_parse ] --START--
INFO: Run ParseTemplate Behavior [ RunTime:0.005791s ]
INFO: [ view_parse ] --END-- [ RunTime:0.005828s ]
INFO: [ view_filter ] --START--
INFO: Run ContentReplace Behavior [ RunTime:0.000403s ]
INFO: Run TokenBuild Behavior [ RunTime:0.000292s ]
INFO: Run WriteHtmlCache Behavior [ RunTime:0.000317s ]
INFO: Run ShowRuntime Behavior [ RunTime:0.000347s ]
INFO: [ view_filter ] --END-- [ RunTime:0.001454s ]
INFO: [ view_end ] --START--
INFO: Run ShowPageTrace Behavior [ RunTime:0.000424s ]
INFO: [ view_end ] --END-- [ RunTime:0.000457s ]

[ 2013-03-20T22:46:47+08:00 ] 0.0.0.0 /doufangbian/index.php/merchant/index
INFO: [ route_check ] --START--
INFO: Run CheckRoute Behavior [ RunTime:0.001061s ]
INFO: [ route_check ] --END-- [ RunTime:0.001148s ]
INFO: [ app_begin ] --START--
INFO: Run ReadHtmlCache Behavior [ RunTime:0.000777s ]
INFO: [ app_begin ] --END-- [ RunTime:0.000850s ]
SQL: SHOW COLUMNS FROM `dfb_merchant_group` [ RunTime:0.002850s ]
SQL: SELECT * FROM `dfb_merchant_group`  [ RunTime:0.000337s ]
SQL: SHOW COLUMNS FROM `dfb_merchant` [ RunTime:0.002888s ]
SQL: SHOW COLUMNS FROM `dfb_merchant` [ RunTime:0.002739s ]
SQL: SELECT * FROM `dfb_merchant` ORDER BY up desc  [ RunTime:0.000386s ]
INFO: [ view_template ] --START--
INFO: Run LocationTemplate Behavior [ RunTime:0.000836s ]
INFO: [ view_template ] --END-- [ RunTime:0.000899s ]
INFO: [ view_parse ] --START--
NOTIC: [8] Use of undefined constant merchant_details - assumed 'merchant_details' D:\xampp\htdocs\doufangbian\Admin\Runtime\Cache\510d4f864be6b7258d3a4247b14fd59c.php 第 85 行.
NOTIC: [8] Use of undefined constant merchant_details - assumed 'merchant_details' D:\xampp\htdocs\doufangbian\Admin\Runtime\Cache\510d4f864be6b7258d3a4247b14fd59c.php 第 85 行.
NOTIC: [8] Use of undefined constant merchant_details - assumed 'merchant_details' D:\xampp\htdocs\doufangbian\Admin\Runtime\Cache\510d4f864be6b7258d3a4247b14fd59c.php 第 85 行.
NOTIC: [8] Use of undefined constant merchant_details - assumed 'merchant_details' D:\xampp\htdocs\doufangbian\Admin\Runtime\Cache\510d4f864be6b7258d3a4247b14fd59c.php 第 85 行.
NOTIC: [8] Use of undefined constant merchant_details - assumed 'merchant_details' D:\xampp\htdocs\doufangbian\Admin\Runtime\Cache\510d4f864be6b7258d3a4247b14fd59c.php 第 85 行.
INFO: Run ParseTemplate Behavior [ RunTime:0.013768s ]
INFO: [ view_parse ] --END-- [ RunTime:0.013829s ]
INFO: [ view_filter ] --START--
INFO: Run ContentReplace Behavior [ RunTime:0.000758s ]
INFO: Run TokenBuild Behavior [ RunTime:0.000521s ]
INFO: Run WriteHtmlCache Behavior [ RunTime:0.000566s ]
INFO: Run ShowRuntime Behavior [ RunTime:0.000603s ]
INFO: [ view_filter ] --END-- [ RunTime:0.002615s ]
INFO: [ view_end ] --START--
INFO: Run ShowPageTrace Behavior [ RunTime:0.000785s ]
INFO: [ view_end ] --END-- [ RunTime:0.000847s ]

